<?xml version="1.0" encoding="UTF-8"?>
<testng-results ignored="0" total="2" passed="2" failed="0" skipped="0">
  <reporter-output>
  </reporter-output>
  <suite started-at="2023-10-17T08:09:18 IST" name="Default suite" finished-at="2023-10-17T08:13:09 IST" duration-ms="231377">
    <groups>
    </groups>
    <test started-at="2023-10-17T08:09:18 IST" name="Default test" finished-at="2023-10-17T08:13:09 IST" duration-ms="231377">
      <class name="Scripts.Createcustcrm">
        <test-method signature="Mdu()[pri:0, instance:Scripts.Createcustcrm@2892d68]" started-at="2023-10-17T08:09:18 IST" name="Mdu" finished-at="2023-10-17T08:10:59 IST" duration-ms="101365" status="PASS">
          <reporter-output>
          </reporter-output>
        </test-method> <!-- Mdu -->
        <test-method signature="gigTv()[pri:0, instance:Scripts.Createcustcrm@2892d68]" started-at="2023-10-17T08:10:59 IST" name="gigTv" finished-at="2023-10-17T08:13:09 IST" duration-ms="129966" status="PASS">
          <reporter-output>
          </reporter-output>
        </test-method> <!-- gigTv -->
      </class> <!-- Scripts.Createcustcrm -->
    </test> <!-- Default test -->
  </suite> <!-- Default suite -->
</testng-results>
