<?xml version="1.0" encoding="UTF-8"?>
<!-- Generated by org.testng.reporters.JUnitXMLReporter -->
<testsuite ignored="0" hostname="Synthesis-L094" failures="1" tests="2" name="Test" time="191.768" errors="0" timestamp="2023-10-17T08:00:35 IST">
  <testcase classname="Scripts.Createcustcrm" name="Mdu" time="123.028"/>
  <testcase classname="Scripts.Createcustcrm" name="gigTv" time="68.689">
    <failure type="java.lang.IndexOutOfBoundsException" message="Index 6 out of bounds for length 0">
      <![CDATA[java.lang.IndexOutOfBoundsException: Index 6 out of bounds for length 0
at java.base/jdk.internal.util.Preconditions.outOfBounds(Preconditions.java:64)
at java.base/jdk.internal.util.Preconditions.outOfBoundsCheckIndex(Preconditions.java:70)
at java.base/jdk.internal.util.Preconditions.checkIndex(Preconditions.java:266)
at java.base/java.util.Objects.checkIndex(Objects.java:359)
at java.base/java.util.ArrayList.get(ArrayList.java:427)
at Packages.CustDetails.custInfo(CustDetails.java:55)
at Scripts.Createcustcrm.gigTv(Createcustcrm.java:26)
at java.base/java.util.ArrayList.forEach(ArrayList.java:1511)
... Removed 27 stack frames]]>
    </failure>
  </testcase> <!-- gigTv -->
</testsuite> <!-- Test -->
